<?xml version="1.0" encoding="UTF-8"?>
<!-- Generated by org.testng.reporters.JUnitReportReporter -->
<testsuite skipped="0" hostname="LAPTOP-BVIUIKAG" name="log4j.Demolog" tests="1" failures="0" timestamp="14 Jul 2021 08:01:36 GMT" time="16.888" errors="0">
  <testcase name="testlog" time="16.888" classname="log4j.Demolog"/>
</testsuite> <!-- log4j.Demolog -->
